notification/build/app/intermediates/manifest_merge_blame_file/release/manifest-merger-blame-release-report.txt
1<?xml version="1.0" encoding="utf-8"?>
2<manifest xmlns:android="http://schemas.android.com/apk/res/android"
3    package="com.example.notification"
4    android:versionCode="4001"
5    android:versionName="1.0.0" >
6
7    <uses-sdk
8        android:minSdkVersion="21"
8-->src/main/AndroidManifest.xml
9        android:targetSdkVersion="31" />
9-->src/main/AndroidManifest.xml
10
11    <uses-permission android:name="android.permission.READ_EXTERNAL_STORAGE" />
11-->[:file_picker] AndroidManifest.xml:7:5-80
11-->[:file_picker] AndroidManifest.xml:7:22-77
12
13    <queries>
13-->[:file_picker] AndroidManifest.xml:9:5-15:15
14        <intent>
14-->[:file_picker] AndroidManifest.xml:10:9-14:18
15            <action android:name="android.intent.action.GET_CONTENT" />
15-->[:file_picker] AndroidManifest.xml:11:13-72
15-->[:file_picker] AndroidManifest.xml:11:21-69
16
17            <data android:mimeType="*/*" />
17-->[:file_picker] AndroidManifest.xml:13:13-44
17-->[:file_picker] AndroidManifest.xml:13:19-41
18        </intent>
19    </queries>
20
21    <uses-permission android:name="android.permission.RECEIVE_BOOT_COMPLETED" />
21-->[:flutter_local_notifications] AndroidManifest.xml:7:5-81
21-->[:flutter_local_notifications] AndroidManifest.xml:7:22-78
22    <uses-permission android:name="android.permission.VIBRATE" />
22-->[:flutter_local_notifications] AndroidManifest.xml:8:5-66
22-->[:flutter_local_notifications] AndroidManifest.xml:8:22-63
23    <uses-permission android:name="android.permission.USE_FULL_SCREEN_INTENT" />
23-->[:flutter_local_notifications] AndroidManifest.xml:9:5-81
23-->[:flutter_local_notifications] AndroidManifest.xml:9:22-78
24    <uses-permission android:name="android.permission.SCHEDULE_EXACT_ALARM" />
24-->[:flutter_local_notifications] AndroidManifest.xml:10:5-79
24-->[:flutter_local_notifications] AndroidManifest.xml:10:22-76
25
26    <application
27        android:name="android.app.Application"
27-->src/main/AndroidManifest.xml:5:9-42
28        android:appComponentFactory="androidx.core.app.CoreComponentFactory"
28-->[androidx.core:core:1.6.0] AndroidManifest.xml:24:18-86
29        android:icon="@mipmap/ic_launcher"
29-->src/main/AndroidManifest.xml:6:9-43
30        android:label="notification" >
30-->src/main/AndroidManifest.xml:4:9-37
31        <activity
31-->src/main/AndroidManifest.xml:7:9-27:20
32            android:name="com.example.notification.MainActivity"
32-->src/main/AndroidManifest.xml:8:13-41
33            android:configChanges="orientation|keyboardHidden|keyboard|screenSize|smallestScreenSize|locale|layoutDirection|fontScale|screenLayout|density|uiMode"
33-->src/main/AndroidManifest.xml:12:13-163
34            android:exported="true"
34-->src/main/AndroidManifest.xml:9:13-36
35            android:hardwareAccelerated="true"
35-->src/main/AndroidManifest.xml:13:13-47
36            android:launchMode="singleTop"
36-->src/main/AndroidManifest.xml:10:13-43
37            android:theme="@style/LaunchTheme"
37-->src/main/AndroidManifest.xml:11:13-47
38            android:windowSoftInputMode="adjustResize" >
38-->src/main/AndroidManifest.xml:14:13-55
39
40            <!--
41                 Specifies an Android theme to apply to this Activity as soon as
42                 the Android process has started. This theme is visible to the user
43                 while the Flutter UI initializes. After that, this theme continues
44                 to determine the Window background behind the Flutter UI.
45            -->
46            <meta-data
46-->src/main/AndroidManifest.xml:19:13-22:17
47                android:name="io.flutter.embedding.android.NormalTheme"
47-->src/main/AndroidManifest.xml:20:15-70
48                android:resource="@style/NormalTheme" />
48-->src/main/AndroidManifest.xml:21:15-52
49
50            <intent-filter>
50-->src/main/AndroidManifest.xml:23:13-26:29
51                <action android:name="android.intent.action.MAIN" />
51-->src/main/AndroidManifest.xml:24:17-68
51-->src/main/AndroidManifest.xml:24:25-66
52
53                <category android:name="android.intent.category.LAUNCHER" />
53-->src/main/AndroidManifest.xml:25:17-76
53-->src/main/AndroidManifest.xml:25:27-74
54            </intent-filter>
55        </activity>
56        <!--
57             Don't delete the meta-data below.
58             This is used by the Flutter tool to generate GeneratedPluginRegistrant.java
59        -->
60        <meta-data
60-->src/main/AndroidManifest.xml:30:9-32:33
61            android:name="flutterEmbedding"
61-->src/main/AndroidManifest.xml:31:13-44
62            android:value="2" />
62-->src/main/AndroidManifest.xml:32:13-30
63
64        <receiver
64-->[:flutter_local_notifications] AndroidManifest.xml:13:9-15:40
65            android:name="com.dexterous.flutterlocalnotifications.ScheduledNotificationReceiver"
65-->[:flutter_local_notifications] AndroidManifest.xml:14:13-97
66            android:exported="false" />
66-->[:flutter_local_notifications] AndroidManifest.xml:15:13-37
67        <receiver
67-->[:flutter_local_notifications] AndroidManifest.xml:16:9-25:20
68            android:name="com.dexterous.flutterlocalnotifications.ScheduledNotificationBootReceiver"
68-->[:flutter_local_notifications] AndroidManifest.xml:17:13-101
69            android:exported="false" >
69-->[:flutter_local_notifications] AndroidManifest.xml:18:13-37
70            <intent-filter>
70-->[:flutter_local_notifications] AndroidManifest.xml:19:13-24:29
71                <action android:name="android.intent.action.BOOT_COMPLETED" />
71-->[:flutter_local_notifications] AndroidManifest.xml:20:17-79
71-->[:flutter_local_notifications] AndroidManifest.xml:20:25-76
72                <action android:name="android.intent.action.MY_PACKAGE_REPLACED" />
72-->[:flutter_local_notifications] AndroidManifest.xml:21:17-84
72-->[:flutter_local_notifications] AndroidManifest.xml:21:25-81
73                <action android:name="android.intent.action.QUICKBOOT_POWERON" />
73-->[:flutter_local_notifications] AndroidManifest.xml:22:17-82
73-->[:flutter_local_notifications] AndroidManifest.xml:22:25-79
74                <action android:name="com.htc.intent.action.QUICKBOOT_POWERON" />
74-->[:flutter_local_notifications] AndroidManifest.xml:23:17-82
74-->[:flutter_local_notifications] AndroidManifest.xml:23:25-79
75            </intent-filter>
76        </receiver>
77
78        <uses-library
78-->[androidx.window:window:1.0.0-beta04] AndroidManifest.xml:25:9-27:40
79            android:name="androidx.window.extensions"
79-->[androidx.window:window:1.0.0-beta04] AndroidManifest.xml:26:13-54
80            android:required="false" />
80-->[androidx.window:window:1.0.0-beta04] AndroidManifest.xml:27:13-37
81        <uses-library
81-->[androidx.window:window:1.0.0-beta04] AndroidManifest.xml:28:9-30:40
82            android:name="androidx.window.sidecar"
82-->[androidx.window:window:1.0.0-beta04] AndroidManifest.xml:29:13-51
83            android:required="false" />
83-->[androidx.window:window:1.0.0-beta04] AndroidManifest.xml:30:13-37
84    </application>
85
86</manifest>